[INFO] TcpServer created: HttpServer
[INFO] HttpServer initializing, port=8080, threads=4
[INFO] Server HttpServer started.
[INFO] HTTP Server started on port 8080
[INFO] LFServer started successfully
[INFO] New connection: HttpServer-1
[INFO] TcpConnection created: HttpServer-1
[INFO] New HTTP connection: HttpServer-1 (total=1)
[INFO] Connection closed: HttpServer-1
[INFO] Connection HttpServer-1 removed.
[INFO] New connection: HttpServer-2
[INFO] TcpConnection created: HttpServer-2
[INFO] New HTTP connection: HttpServer-2 (total=2)
[INFO] Connection closed: HttpServer-2
[INFO] Connection HttpServer-2 removed.
[INFO] New connection: HttpServer-3
[INFO] TcpConnection created: HttpServer-3
[INFO] New HTTP connection: HttpServer-3 (total=3)
[INFO] Connection closed: HttpServer-3
[INFO] Connection HttpServer-3 removed.
[INFO] New connection: HttpServer-4
[INFO] TcpConnection created: HttpServer-4
[INFO] New HTTP connection: HttpServer-4 (total=4)
[INFO] New connection: HttpServer-5
[INFO] TcpConnection created: HttpServer-5
[INFO] New HTTP connection: HttpServer-5 (total=5)
[INFO] Connection closed: HttpServer-5
[INFO] Connection HttpServer-5 removed.
[INFO] Connection closed: HttpServer-4
[INFO] Connection HttpServer-4 removed.
[INFO] LFServer stopped
[INFO] TcpConnection destroyed: HttpServer-4
[INFO] TcpConnection destroyed: HttpServer-5
[INFO] TcpConnection destroyed: HttpServer-3
[INFO] TcpConnection destroyed: HttpServer-2
[INFO] TcpConnection destroyed: HttpServer-1
